[    2096ms] [ERROR] Failed to load resource: the server responded with a status of 404 () @ https://fonts.gstatic.com/s/notosansmono/v30/BngrUXNETWXI6LwhGYvaxZikqZqK6fBq6kPvUce2oAZcdthSBUsYck4-_FNI49rXVEQQL8Y.woff2:0
[    2233ms] [ERROR] Failed to load resource: net::ERR_CONNECTION_CLOSED @ https://cdn.happyhorses.io/z-image-bg.webp:0
[    2235ms] [ERROR] Failed to load resource: the server responded with a status of 404 () @ https://fonts.gstatic.com/s/jetbrainsmono/v18/tDbY2o-flEEny0FZhsfKu5WU4zr3E_BX0PnT8RD8yKxTOlOVkWM.woff2:0
[    2301ms] [ERROR] Failed to load resource: the server responded with a status of 404 () @ https://fonts.gstatic.com/s/merriweather/v30/u-4n0qyriQwlOrhSvowK_l521wRpX837pvjxPA.woff2:0
[    4683ms] [ERROR] Not signed in with the identity provider. @ https://happyhorses.io/:0
[    5112ms] [ERROR] Failed to load resource: the server responded with a status of 429 () @ https://ipapi.co/json/:0
[    5374ms] [ERROR] Failed to load resource: the server responded with a status of 429 () @ https://ipapi.co/json/:0
[    5627ms] [ERROR] Failed to load resource: the server responded with a status of 429 () @ https://ipapi.co/json/:0
[    5895ms] [ERROR] Access to fetch at 'https://ipapi.co/json/' from origin 'https://happyhorses.io' has been blocked by CORS policy: No 'Access-Control-Allow-Origin' header is present on the requested resource. @ https://happyhorses.io/:0
[    5896ms] [ERROR] Failed to load resource: net::ERR_FAILED @ https://ipapi.co/json/:0
[    7232ms] [ERROR] Failed to load resource: net::ERR_CONNECTION_CLOSED @ https://googleads.g.doubleclick.net/pagead/viewthroughconversion/18067047944/?random=1775876231892&cv=11&fst=1775876231892&bg=ffffff&guid=ON&async=1&en=gtag.config&gtm=45be6481v9248485559za200zd9248485559xec&gcd=13l3l3l3l1l1&dma=0&tag_exp=0~115938465~115938469~117266402~118289195&u_w=1512&u_h=982&url=https%3A%2F%2Fhappyhorses.io%2F&rcb=5&frm=0&tiba=Happy%20Horses%20-%20AI%20Video%20Creation%20Platform%20for%20Teams&hn=www.googleadservices.com&npa=0&pscdl=noapi&auid=515782702.1775876232&uaa=arm&uab=64&uafvl=Chromium%3B146.0.7680.178%7CNot-A.Brand%3B24.0.0.0%7CGoogle%2520Chrome%3B146.0.7680.178&uamb=0&uam=&uap=macOS&uapv=26.2.0&uaw=0&data=event%3Dgtag.config&rfmt=3&fmt=4:0
[    7707ms] [ERROR] Failed to load resource: net::ERR_CONNECTION_CLOSED @ https://googleads.g.doubleclick.net/pagead/viewthroughconversion/18067047944/?random=1775876231892&cv=11&fst=1775876231892&fmt=3&bg=ffffff&guid=ON&async=1&en=gtag.config&gtm=45be6481v9248485559za200zd9248485559xec&gcd=13l3l3l3l1l1&dma=0&tag_exp=0~115938465~115938469~117266402~118289195&u_w=1512&u_h=982&url=https%3A%2F%2Fhappyhorses.io%2F&rcb=5&frm=0&tiba=Happy%20Horses%20-%20AI%20Video%20Creation%20Platform%20for%20Teams&hn=www.googleadservices.com&npa=0&pscdl=noapi&auid=515782702.1775876232&uaa=arm&uab=64&uafvl=Chromium%3B146.0.7680.178%7CNot-A.Brand%3B24.0.0.0%7CGoogle%2520Chrome%3B146.0.7680.178&uamb=0&uam=&uap=macOS&uapv=26.2.0&uaw=0&data=event%3Dgtag.config:0
[    7998ms] [LOG] Service Worker registered: https://happyhorses.io/ @ https://happyhorses.io/_next/static/chunks/app/%5Blocale%5D/layout-6fe703fde10d0c81.js:0
[    8589ms] [LOG] Service Worker controller changed @ https://happyhorses.io/_next/static/chunks/app/%5Blocale%5D/layout-6fe703fde10d0c81.js:0
[   10140ms] [LOG] One Tap prompt notification: undefined @ https://happyhorses.io/_next/static/chunks/23794-96169f7bfdcda528.js:0
[   24110ms] [WARNING] The resource https://fonts.gstatic.com/s/merriweather/v30/u-4n0qyriQwlOrhSvowK_l521wRpX837pvjxPA.woff2 was preloaded using link preload but not used within a few seconds from the window's load event. Please make sure it has an appropriate `as` value and it is preloaded intentionally. @ https://happyhorses.io/:0
[   24110ms] [WARNING] The resource https://cdn.happyhorses.io/z-image-bg.webp was preloaded using link preload but not used within a few seconds from the window's load event. Please make sure it has an appropriate `as` value and it is preloaded intentionally. @ https://happyhorses.io/:0
[   24110ms] [WARNING] The resource https://fonts.gstatic.com/s/jetbrainsmono/v18/tDbY2o-flEEny0FZhsfKu5WU4zr3E_BX0PnT8RD8yKxTOlOVkWM.woff2 was preloaded using link preload but not used within a few seconds from the window's load event. Please make sure it has an appropriate `as` value and it is preloaded intentionally. @ https://happyhorses.io/:0
[   24110ms] [WARNING] The resource https://fonts.gstatic.com/s/notosansmono/v30/BngrUXNETWXI6LwhGYvaxZikqZqK6fBq6kPvUce2oAZcdthSBUsYck4-_FNI49rXVEQQL8Y.woff2 was preloaded using link preload but not used within a few seconds from the window's load event. Please make sure it has an appropriate `as` value and it is preloaded intentionally. @ https://happyhorses.io/:0
[   31781ms] [WARNING] The resource https://fonts.gstatic.com/s/merriweather/v30/u-4n0qyriQwlOrhSvowK_l521wRpX837pvjxPA.woff2 was preloaded using link preload but not used within a few seconds from the window's load event. Please make sure it has an appropriate `as` value and it is preloaded intentionally. @ https://happyhorses.io/:0
[   31781ms] [WARNING] The resource https://cdn.happyhorses.io/z-image-bg.webp was preloaded using link preload but not used within a few seconds from the window's load event. Please make sure it has an appropriate `as` value and it is preloaded intentionally. @ https://happyhorses.io/:0
[   31781ms] [WARNING] The resource https://fonts.gstatic.com/s/jetbrainsmono/v18/tDbY2o-flEEny0FZhsfKu5WU4zr3E_BX0PnT8RD8yKxTOlOVkWM.woff2 was preloaded using link preload but not used within a few seconds from the window's load event. Please make sure it has an appropriate `as` value and it is preloaded intentionally. @ https://happyhorses.io/:0
[   31781ms] [WARNING] The resource https://fonts.gstatic.com/s/notosansmono/v30/BngrUXNETWXI6LwhGYvaxZikqZqK6fBq6kPvUce2oAZcdthSBUsYck4-_FNI49rXVEQQL8Y.woff2 was preloaded using link preload but not used within a few seconds from the window's load event. Please make sure it has an appropriate `as` value and it is preloaded intentionally. @ https://happyhorses.io/:0
[   64450ms] [WARNING] Warning: Missing `Description` or `aria-describedby={undefined}` for {DialogContent}. @ https://happyhorses.io/_next/static/chunks/88875-59be8d7469ab5eab.js:0
